[ERROR] 2020-11-15 13:57:49.924 [JavaFX Application Thread] Admin, createOwner - Agent couldn't be validated
[ERROR] 2020-11-15 13:57:49.925 [JavaFX Application Thread] Admin, createOwner - The password is not valid!
[ERROR] 2020-11-15 13:57:49.925 [JavaFX Application Thread] Admin, createOwner - Agent couldn't be validated
[ERROR] 2020-11-15 13:57:49.926 [JavaFX Application Thread] Admin, createOwner - The password is not valid!
[ERROR] 2020-11-15 13:57:49.926 [JavaFX Application Thread] Admin, createOwner - Agent couldn't be validated
[ERROR] 2020-11-15 13:57:49.927 [JavaFX Application Thread] Admin, createOwner - The firstname is not valid!
[ERROR] 2020-11-15 13:57:49.927 [JavaFX Application Thread] Admin, createOwner - Agent couldn't be validated
[ERROR] 2020-11-15 13:57:49.928 [JavaFX Application Thread] Admin, createOwner - The lastname is not valid!
[ERROR] 2020-11-15 13:57:49.928 [JavaFX Application Thread] Admin, createOwner - Agent couldn't be validated
[ERROR] 2020-11-15 13:57:49.928 [JavaFX Application Thread] Admin, createOwner - The password is not valid!
[ERROR] 2020-11-15 13:57:49.929 [JavaFX Application Thread] Admin, createOwner - Agent couldn't be validated
[ERROR] 2020-11-15 13:57:49.929 [JavaFX Application Thread] Admin, createOwner - The username is not valid!
[ERROR] 2020-11-15 13:57:49.930 [JavaFX Application Thread] Admin, createOwner - Agent couldn't be validated
[ERROR] 2020-11-15 13:57:49.930 [JavaFX Application Thread] Admin, createOwner - The password is not valid!
[ERROR] 2020-11-15 13:57:49.930 [JavaFX Application Thread] Admin, createOwner - Agent couldn't be validated
[ERROR] 2020-11-15 13:57:49.931 [JavaFX Application Thread] Admin, createOwner - The phoneNumber is not valid!
[ERROR] 2020-11-15 13:57:49.931 [JavaFX Application Thread] Admin, createOwner - Agent couldn't be validated
[ERROR] 2020-11-15 13:57:49.932 [JavaFX Application Thread] Admin, createOwner - The password is not valid!
[ERROR] 2020-11-15 13:57:49.932 [JavaFX Application Thread] Admin, createOwner - Agent couldn't be validated
[ERROR] 2020-11-15 13:57:49.932 [JavaFX Application Thread] Admin, createOwner - The password is not valid!
